2026-02-06 19:15:09,879 - root - ERROR - Binance数据获取器初始化失败: aiodns needs a SelectorEventLoop on Windows. See more: https://github.com/saghul/aiodns/issues/86
2026-02-06 19:15:09,886 - src.core.system_orchestrator - ERROR - 数据清洗失败 H4: '>' not supported between instances of 'Timestamp' and 'int', 使用原始数据
2026-02-06 19:15:09,889 - src.core.system_orchestrator - ERROR - 数据清洗失败 H1: '>' not supported between instances of 'Timestamp' and 'int', 使用原始数据
2026-02-06 19:15:09,891 - src.core.system_orchestrator - ERROR - 数据清洗失败 M15: '>' not supported between instances of 'Timestamp' and 'int', 使用原始数据
2026-02-06 19:16:10,377 - src.core.system_orchestrator - ERROR - 数据清洗失败 H4: '>' not supported between instances of 'Timestamp' and 'int', 使用原始数据
2026-02-06 19:16:10,382 - src.core.system_orchestrator - ERROR - 数据清洗失败 H1: '>' not supported between instances of 'Timestamp' and 'int', 使用原始数据
2026-02-06 19:16:10,384 - src.core.system_orchestrator - ERROR - 数据清洗失败 M15: '>' not supported between instances of 'Timestamp' and 'int', 使用原始数据
2026-02-06 19:22:25,362 - root - ERROR - Binance数据获取器初始化失败: aiodns needs a SelectorEventLoop on Windows. See more: https://github.com/saghul/aiodns/issues/86
2026-02-06 19:22:25,372 - src.core.system_orchestrator - ERROR - 数据清洗失败 H4: '>' not supported between instances of 'Timestamp' and 'int', 使用原始数据
2026-02-06 19:22:25,372 - src.core.system_orchestrator - ERROR - 数据清洗失败 H1: '>' not supported between instances of 'Timestamp' and 'int', 使用原始数据
2026-02-06 19:22:25,377 - src.core.system_orchestrator - ERROR - 数据清洗失败 M15: '>' not supported between instances of 'Timestamp' and 'int', 使用原始数据
2026-02-06 21:31:26,431 - src.core.decision_visualizer - ERROR - 创建可视化图表时出错: [Errno 2] No such file or directory: 'logs/snapshots\\20260206_213126_BTC/USDT_HOLD_Unknown.png'
Traceback (most recent call last):
  File "D:\AAAAA\opencode\wyckoff\src\core\decision_visualizer.py", line 505, in create_visualization
    plt.savefig(filename, dpi=self.dpi, bbox_inches='tight')
  File "C:\Users\Administrator\AppData\Local\Programs\Python\Python311\Lib\site-packages\matplotlib\pyplot.py", line 1250, in savefig
    res = fig.savefig(*args, **kwargs)  # type: ignore[func-returns-value]
          ^^^^^^^^^^^^^^^^^^^^^^^^^^^^
  File "C:\Users\Administrator\AppData\Local\Programs\Python\Python311\Lib\site-packages\matplotlib\figure.py", line 3490, in savefig
    self.canvas.print_figure(fname, **kwargs)
  File "C:\Users\Administrator\AppData\Local\Programs\Python\Python311\Lib\site-packages\matplotlib\backends\backend_qtagg.py", line 75, in print_figure
    super().print_figure(*args, **kwargs)
  File "C:\Users\Administrator\AppData\Local\Programs\Python\Python311\Lib\site-packages\matplotlib\backend_bases.py", line 2186, in print_figure
    result = print_method(
             ^^^^^^^^^^^^^
  File "C:\Users\Administrator\AppData\Local\Programs\Python\Python311\Lib\site-packages\matplotlib\backend_bases.py", line 2042, in <lambda>
    print_method = functools.wraps(meth)(lambda *args, **kwargs: meth(
                                                                 ^^^^^
  File "C:\Users\Administrator\AppData\Local\Programs\Python\Python311\Lib\site-packages\matplotlib\backends\backend_agg.py", line 481, in print_png
    self._print_pil(filename_or_obj, "png", pil_kwargs, metadata)
  File "C:\Users\Administrator\AppData\Local\Programs\Python\Python311\Lib\site-packages\matplotlib\backends\backend_agg.py", line 430, in _print_pil
    mpl.image.imsave(
  File "C:\Users\Administrator\AppData\Local\Programs\Python\Python311\Lib\site-packages\matplotlib\image.py", line 1657, in imsave
    image.save(fname, **pil_kwargs)
  File "C:\Users\Administrator\AppData\Local\Programs\Python\Python311\Lib\site-packages\PIL\Image.py", line 2583, in save
    fp = builtins.open(filename, "w+b")
         ^^^^^^^^^^^^^^^^^^^^^^^^^^^^^^
FileNotFoundError: [Errno 2] No such file or directory: 'logs/snapshots\\20260206_213126_BTC/USDT_HOLD_Unknown.png'
2026-02-06 21:33:48,780 - src.data.binance_fetcher - ERROR - 获取数据异常: Cannot connect to host api.binance.com:443 ssl:default [Connect call failed ('3.168.246.202', 443)]
2026-03-02 13:54:31,110 - src.data.binance_fetcher - ERROR - 获取数据异常
Traceback (most recent call last):
  File "C:\Users\Administrator\AppData\Local\Programs\Python\Python311\Lib\site-packages\aiohttp\connector.py", line 1283, in _wrap_create_connection
    return await self._loop.create_connection(*args, **kwargs, sock=sock)
           ^^^^^^^^^^^^^^^^^^^^^^^^^^^^^^^^^^^^^^^^^^^^^^^^^^^^^^^^^^^^^^
  File "C:\Users\Administrator\AppData\Local\Programs\Python\Python311\Lib\asyncio\base_events.py", line 1113, in create_connection
    transport, protocol = await self._create_connection_transport(
                          ^^^^^^^^^^^^^^^^^^^^^^^^^^^^^^^^^^^^^^^^
  File "C:\Users\Administrator\AppData\Local\Programs\Python\Python311\Lib\asyncio\base_events.py", line 1146, in _create_connection_transport
    await waiter
  File "C:\Users\Administrator\AppData\Local\Programs\Python\Python311\Lib\asyncio\sslproto.py", line 578, in _on_handshake_complete
    raise handshake_exc
ConnectionResetError

The above exception was the direct cause of the following exception:

Traceback (most recent call last):
  File "D:\AAAAA\opencode\wyckoff\src\data\binance_fetcher.py", line 204, in fetch_klines
    async with self.session.get(url, params=params) as response:
  File "C:\Users\Administrator\AppData\Local\Programs\Python\Python311\Lib\site-packages\aiohttp\client.py", line 1488, in __aenter__
    self._resp: _RetType = await self._coro
                           ^^^^^^^^^^^^^^^^
  File "C:\Users\Administrator\AppData\Local\Programs\Python\Python311\Lib\site-packages\aiohttp\client.py", line 770, in _request
    resp = await handler(req)
           ^^^^^^^^^^^^^^^^^^
  File "C:\Users\Administrator\AppData\Local\Programs\Python\Python311\Lib\site-packages\aiohttp\client.py", line 725, in _connect_and_send_request
    conn = await self._connector.connect(
           ^^^^^^^^^^^^^^^^^^^^^^^^^^^^^^
  File "C:\Users\Administrator\AppData\Local\Programs\Python\Python311\Lib\site-packages\aiohttp\connector.py", line 642, in connect
    proto = await self._create_connection(req, traces, timeout)
            ^^^^^^^^^^^^^^^^^^^^^^^^^^^^^^^^^^^^^^^^^^^^^^^^^^^
  File "C:\Users\Administrator\AppData\Local\Programs\Python\Python311\Lib\site-packages\aiohttp\connector.py", line 1209, in _create_connection
    _, proto = await self._create_direct_connection(req, traces, timeout)
               ^^^^^^^^^^^^^^^^^^^^^^^^^^^^^^^^^^^^^^^^^^^^^^^^^^^^^^^^^^
  File "C:\Users\Administrator\AppData\Local\Programs\Python\Python311\Lib\site-packages\aiohttp\connector.py", line 1581, in _create_direct_connection
    raise last_exc
  File "C:\Users\Administrator\AppData\Local\Programs\Python\Python311\Lib\site-packages\aiohttp\connector.py", line 1550, in _create_direct_connection
    transp, proto = await self._wrap_create_connection(
                    ^^^^^^^^^^^^^^^^^^^^^^^^^^^^^^^^^^^
  File "C:\Users\Administrator\AppData\Local\Programs\Python\Python311\Lib\site-packages\aiohttp\connector.py", line 1291, in _wrap_create_connection
    raise client_error(req.connection_key, exc) from exc
aiohttp.client_exceptions.ClientConnectorError: Cannot connect to host api.binance.com:443 ssl:default [None]
2026-03-02 13:54:37,129 - src.data.binance_fetcher - ERROR - 获取数据异常
Traceback (most recent call last):
  File "C:\Users\Administrator\AppData\Local\Programs\Python\Python311\Lib\site-packages\aiohttp\connector.py", line 1283, in _wrap_create_connection
    return await self._loop.create_connection(*args, **kwargs, sock=sock)
           ^^^^^^^^^^^^^^^^^^^^^^^^^^^^^^^^^^^^^^^^^^^^^^^^^^^^^^^^^^^^^^
  File "C:\Users\Administrator\AppData\Local\Programs\Python\Python311\Lib\asyncio\base_events.py", line 1113, in create_connection
    transport, protocol = await self._create_connection_transport(
                          ^^^^^^^^^^^^^^^^^^^^^^^^^^^^^^^^^^^^^^^^
  File "C:\Users\Administrator\AppData\Local\Programs\Python\Python311\Lib\asyncio\base_events.py", line 1146, in _create_connection_transport
    await waiter
  File "C:\Users\Administrator\AppData\Local\Programs\Python\Python311\Lib\asyncio\sslproto.py", line 578, in _on_handshake_complete
    raise handshake_exc
ConnectionResetError

The above exception was the direct cause of the following exception:

Traceback (most recent call last):
  File "D:\AAAAA\opencode\wyckoff\src\data\binance_fetcher.py", line 204, in fetch_klines
    async with self.session.get(url, params=params) as response:
  File "C:\Users\Administrator\AppData\Local\Programs\Python\Python311\Lib\site-packages\aiohttp\client.py", line 1488, in __aenter__
    self._resp: _RetType = await self._coro
                           ^^^^^^^^^^^^^^^^
  File "C:\Users\Administrator\AppData\Local\Programs\Python\Python311\Lib\site-packages\aiohttp\client.py", line 770, in _request
    resp = await handler(req)
           ^^^^^^^^^^^^^^^^^^
  File "C:\Users\Administrator\AppData\Local\Programs\Python\Python311\Lib\site-packages\aiohttp\client.py", line 725, in _connect_and_send_request
    conn = await self._connector.connect(
           ^^^^^^^^^^^^^^^^^^^^^^^^^^^^^^
  File "C:\Users\Administrator\AppData\Local\Programs\Python\Python311\Lib\site-packages\aiohttp\connector.py", line 642, in connect
    proto = await self._create_connection(req, traces, timeout)
            ^^^^^^^^^^^^^^^^^^^^^^^^^^^^^^^^^^^^^^^^^^^^^^^^^^^
  File "C:\Users\Administrator\AppData\Local\Programs\Python\Python311\Lib\site-packages\aiohttp\connector.py", line 1209, in _create_connection
    _, proto = await self._create_direct_connection(req, traces, timeout)
               ^^^^^^^^^^^^^^^^^^^^^^^^^^^^^^^^^^^^^^^^^^^^^^^^^^^^^^^^^^
  File "C:\Users\Administrator\AppData\Local\Programs\Python\Python311\Lib\site-packages\aiohttp\connector.py", line 1581, in _create_direct_connection
    raise last_exc
  File "C:\Users\Administrator\AppData\Local\Programs\Python\Python311\Lib\site-packages\aiohttp\connector.py", line 1550, in _create_direct_connection
    transp, proto = await self._wrap_create_connection(
                    ^^^^^^^^^^^^^^^^^^^^^^^^^^^^^^^^^^^
  File "C:\Users\Administrator\AppData\Local\Programs\Python\Python311\Lib\site-packages\aiohttp\connector.py", line 1291, in _wrap_create_connection
    raise client_error(req.connection_key, exc) from exc
aiohttp.client_exceptions.ClientConnectorError: Cannot connect to host api.binance.com:443 ssl:default [None]
2026-03-02 13:54:40,314 - src.data.binance_fetcher - ERROR - 获取数据异常
Traceback (most recent call last):
  File "C:\Users\Administrator\AppData\Local\Programs\Python\Python311\Lib\site-packages\aiohttp\connector.py", line 1283, in _wrap_create_connection
    return await self._loop.create_connection(*args, **kwargs, sock=sock)
           ^^^^^^^^^^^^^^^^^^^^^^^^^^^^^^^^^^^^^^^^^^^^^^^^^^^^^^^^^^^^^^
  File "C:\Users\Administrator\AppData\Local\Programs\Python\Python311\Lib\asyncio\base_events.py", line 1113, in create_connection
    transport, protocol = await self._create_connection_transport(
                          ^^^^^^^^^^^^^^^^^^^^^^^^^^^^^^^^^^^^^^^^
  File "C:\Users\Administrator\AppData\Local\Programs\Python\Python311\Lib\asyncio\base_events.py", line 1146, in _create_connection_transport
    await waiter
  File "C:\Users\Administrator\AppData\Local\Programs\Python\Python311\Lib\asyncio\sslproto.py", line 578, in _on_handshake_complete
    raise handshake_exc
ConnectionResetError

The above exception was the direct cause of the following exception:

Traceback (most recent call last):
  File "D:\AAAAA\opencode\wyckoff\src\data\binance_fetcher.py", line 204, in fetch_klines
    async with self.session.get(url, params=params) as response:
  File "C:\Users\Administrator\AppData\Local\Programs\Python\Python311\Lib\site-packages\aiohttp\client.py", line 1488, in __aenter__
    self._resp: _RetType = await self._coro
                           ^^^^^^^^^^^^^^^^
  File "C:\Users\Administrator\AppData\Local\Programs\Python\Python311\Lib\site-packages\aiohttp\client.py", line 770, in _request
    resp = await handler(req)
           ^^^^^^^^^^^^^^^^^^
  File "C:\Users\Administrator\AppData\Local\Programs\Python\Python311\Lib\site-packages\aiohttp\client.py", line 725, in _connect_and_send_request
    conn = await self._connector.connect(
           ^^^^^^^^^^^^^^^^^^^^^^^^^^^^^^
  File "C:\Users\Administrator\AppData\Local\Programs\Python\Python311\Lib\site-packages\aiohttp\connector.py", line 642, in connect
    proto = await self._create_connection(req, traces, timeout)
            ^^^^^^^^^^^^^^^^^^^^^^^^^^^^^^^^^^^^^^^^^^^^^^^^^^^
  File "C:\Users\Administrator\AppData\Local\Programs\Python\Python311\Lib\site-packages\aiohttp\connector.py", line 1209, in _create_connection
    _, proto = await self._create_direct_connection(req, traces, timeout)
               ^^^^^^^^^^^^^^^^^^^^^^^^^^^^^^^^^^^^^^^^^^^^^^^^^^^^^^^^^^
  File "C:\Users\Administrator\AppData\Local\Programs\Python\Python311\Lib\site-packages\aiohttp\connector.py", line 1581, in _create_direct_connection
    raise last_exc
  File "C:\Users\Administrator\AppData\Local\Programs\Python\Python311\Lib\site-packages\aiohttp\connector.py", line 1550, in _create_direct_connection
    transp, proto = await self._wrap_create_connection(
                    ^^^^^^^^^^^^^^^^^^^^^^^^^^^^^^^^^^^
  File "C:\Users\Administrator\AppData\Local\Programs\Python\Python311\Lib\site-packages\aiohttp\connector.py", line 1291, in _wrap_create_connection
    raise client_error(req.connection_key, exc) from exc
aiohttp.client_exceptions.ClientConnectorError: Cannot connect to host api.binance.com:443 ssl:default [None]
2026-03-02 13:54:40,315 - root - ERROR - 获取真实数据失败: Cannot connect to host api.binance.com:443 ssl:default [None]
